<?xml version="1.0" encoding="UTF-8" ?>
<!--testsuites errors="0" failures="1" tests="3" name="">
<testsuite errors="0" tests="3" time="0.391" failures="1"
           name="com.atlassian.bamboo.repository.perforce.PerforceSyncCommandTest">
    <testcase time="0.001" name="testGeneratesCorrectP4CommandLine"/>
    <testcase time="0" name="testGettersReturnExpectedStuff"/>
    <testcase time="0.164" name="testUsingPerforceWhenNoFilesHaveChanged">
        <failure type="junit.framework.AssertionFailedError"
                 message="Testmessage">
             blah blah blah
         </failure>
    </testcase>
</testsuite>
</testsuites-->

<testsuites errors="0" failures="0" tests="9" name="">
  <testsuite errors="0" failures="0" tests="7" name="nfft" time="0.391">
    <testcase classname="" name="nfft_1d_file" time="0"/>
    <testcase classname="" name="nfft_1d_online" time="0"/>
    <testcase classname="" name="nfft_2d_file" time="0"/>
    <testcase classname="" name="nfft_2d_online" time="0"/>
    <testcase classname="" name="nfft_3d_file" time="0"/>
    <testcase classname="" name="nfft_3d_online" time="0"/>
    <testcase classname="" name="nfft_4d_online" time="0"/>
  </testsuite>
  <testsuite errors="0" failures="0" tests="2" name="util" time="0.391">
    <testcase classname="" name="bspline" time="0"/>
    <testcase classname="" name="bessel_i0" time="0"/>
  </testsuite>
</testsuites>
