<?xml version="1.0" encoding="UTF-8" ?>
<testsuite errors="0" tests="3" time="0.391" failures="1"
           name="com.atlassian.bamboo.repository.perforce.PerforceSyncCommandTest">
    <testcase time="0.001" name="testGeneratesCorrectP4CommandLine"/>
    <testcase time="0" name="testGettersReturnExpectedStuff"/>
    <testcase time="0.164" name="testUsingPerforceWhenNoFilesHaveChanged">
        <failure type="junit.framework.AssertionFailedError"
                 message="Testmessage">
             blah blah blah
         </failure>
    </testcase>
</testsuite>